1769252944.980057 client started (31386): version 3.6a, socket /private/tmp/tmux-501/default, protocol 8
1769252944.980184 on Darwin 25.1.0 Darwin Kernel Version 25.1.0: Mon Oct 20 19:32:41 PDT 2025; root:xnu-12377.41.6~2/RELEASE_ARM64_T6000
1769252944.980198 using libevent 2.1.12-stable select
1769252944.981023 using utf8proc 2.11.3
1769252944.981153 using ncurses 6.5 20240427
1769252944.981176 flags are 0x10010000
1769252944.981185 socket is /private/tmp/tmux-501/default
1769252944.981206 trying connect
1769252944.981268 add peer 0x1036e2510: 6 (0x0)
1769252944.983563 sending message 111 to peer 0x1036e2510 (8 bytes)
1769252944.983591 sending message 111 to peer 0x1036e2510 (8 bytes)
1769252944.983614 sending message 101 to peer 0x1036e2510 (14 bytes)
1769252944.983626 sending message 109 to peer 0x1036e2510 (4 bytes)
1769252944.983639 sending message 102 to peer 0x1036e2510 (13 bytes)
1769252944.983648 sending message 108 to peer 0x1036e2510 (29 bytes)
1769252944.983655 sending message 112 to peer 0x1036e2510 (70 bytes)
1769252944.983667 sending message 112 to peer 0x1036e2510 (5 bytes)
1769252944.983675 sending message 112 to peer 0x1036e2510 (5 bytes)
1769252944.983682 sending message 112 to peer 0x1036e2510 (6 bytes)
1769252944.983689 sending message 112 to peer 0x1036e2510 (6 bytes)
1769252944.983696 sending message 112 to peer 0x1036e2510 (11 bytes)
1769252944.983704 sending message 112 to peer 0x1036e2510 (10 bytes)
1769252944.983711 sending message 112 to peer 0x1036e2510 (13 bytes)
1769252944.983719 sending message 112 to peer 0x1036e2510 (13 bytes)
1769252944.983726 sending message 112 to peer 0x1036e2510 (18 bytes)
1769252944.983736 sending message 112 to peer 0x1036e2510 (11 bytes)
1769252944.983742 sending message 112 to peer 0x1036e2510 (10 bytes)
1769252944.983749 sending message 112 to peer 0x1036e2510 (15 bytes)
1769252944.983755 sending message 112 to peer 0x1036e2510 (21 bytes)
1769252944.983763 sending message 112 to peer 0x1036e2510 (13 bytes)
1769252944.983776 sending message 112 to peer 0x1036e2510 (7 bytes)
1769252944.983787 sending message 112 to peer 0x1036e2510 (13 bytes)
1769252944.983794 sending message 112 to peer 0x1036e2510 (7 bytes)
1769252944.983808 sending message 112 to peer 0x1036e2510 (13 bytes)
1769252944.983816 sending message 112 to peer 0x1036e2510 (9 bytes)
1769252944.983823 sending message 112 to peer 0x1036e2510 (21 bytes)
1769252944.983830 sending message 112 to peer 0x1036e2510 (13 bytes)
1769252944.983836 sending message 112 to peer 0x1036e2510 (8 bytes)
1769252944.983843 sending message 112 to peer 0x1036e2510 (12 bytes)
1769252944.983851 sending message 112 to peer 0x1036e2510 (13 bytes)
1769252944.983857 sending message 112 to peer 0x1036e2510 (9 bytes)
1769252944.983864 sending message 112 to peer 0x1036e2510 (9 bytes)
1769252944.983871 sending message 112 to peer 0x1036e2510 (12 bytes)
1769252944.983881 sending message 112 to peer 0x1036e2510 (8 bytes)
1769252944.983890 sending message 112 to peer 0x1036e2510 (8 bytes)
1769252944.983896 sending message 112 to peer 0x1036e2510 (7 bytes)
1769252944.983903 sending message 112 to peer 0x1036e2510 (7 bytes)
1769252944.983909 sending message 112 to peer 0x1036e2510 (9 bytes)
1769252944.983916 sending message 112 to peer 0x1036e2510 (13 bytes)
1769252944.983923 sending message 112 to peer 0x1036e2510 (6 bytes)
1769252944.983931 sending message 112 to peer 0x1036e2510 (9 bytes)
1769252944.983942 sending message 112 to peer 0x1036e2510 (15 bytes)
1769252944.983953 sending message 112 to peer 0x1036e2510 (13 bytes)
1769252944.983961 sending message 112 to peer 0x1036e2510 (12 bytes)
1769252944.983968 sending message 112 to peer 0x1036e2510 (8 bytes)
1769252944.983975 sending message 112 to peer 0x1036e2510 (14 bytes)
1769252944.983981 sending message 112 to peer 0x1036e2510 (11 bytes)
1769252944.983988 sending message 112 to peer 0x1036e2510 (9 bytes)
1769252944.983995 sending message 112 to peer 0x1036e2510 (10 bytes)
1769252944.984002 sending message 112 to peer 0x1036e2510 (10 bytes)
1769252944.984008 sending message 112 to peer 0x1036e2510 (10 bytes)
1769252944.984053 sending message 112 to peer 0x1036e2510 (10 bytes)
1769252944.984060 sending message 112 to peer 0x1036e2510 (11 bytes)
1769252944.984067 sending message 112 to peer 0x1036e2510 (12 bytes)
1769252944.984073 sending message 112 to peer 0x1036e2510 (12 bytes)
1769252944.984081 sending message 112 to peer 0x1036e2510 (12 bytes)
1769252944.984088 sending message 112 to peer 0x1036e2510 (12 bytes)
1769252944.984094 sending message 112 to peer 0x1036e2510 (12 bytes)
1769252944.984100 sending message 112 to peer 0x1036e2510 (11 bytes)
1769252944.984106 sending message 112 to peer 0x1036e2510 (11 bytes)
1769252944.984113 sending message 112 to peer 0x1036e2510 (12 bytes)
1769252944.984120 sending message 112 to peer 0x1036e2510 (12 bytes)
1769252944.984127 sending message 112 to peer 0x1036e2510 (12 bytes)
1769252944.984134 sending message 112 to peer 0x1036e2510 (12 bytes)
1769252944.984141 sending message 112 to peer 0x1036e2510 (12 bytes)
1769252944.984148 sending message 112 to peer 0x1036e2510 (10 bytes)
1769252944.984155 sending message 112 to peer 0x1036e2510 (12 bytes)
1769252944.984162 sending message 112 to peer 0x1036e2510 (13 bytes)
1769252944.984169 sending message 112 to peer 0x1036e2510 (13 bytes)
1769252944.984175 sending message 112 to peer 0x1036e2510 (13 bytes)
1769252944.984182 sending message 112 to peer 0x1036e2510 (13 bytes)
1769252944.984188 sending message 112 to peer 0x1036e2510 (13 bytes)
1769252944.984194 sending message 112 to peer 0x1036e2510 (8 bytes)
1769252944.984202 sending message 112 to peer 0x1036e2510 (11 bytes)
1769252944.984210 sending message 112 to peer 0x1036e2510 (11 bytes)
1769252944.984225 sending message 112 to peer 0x1036e2510 (11 bytes)
1769252944.984233 sending message 112 to peer 0x1036e2510 (12 bytes)
1769252944.984240 sending message 112 to peer 0x1036e2510 (12 bytes)
1769252944.984247 sending message 112 to peer 0x1036e2510 (12 bytes)
1769252944.984254 sending message 112 to peer 0x1036e2510 (12 bytes)
1769252944.984267 sending message 112 to peer 0x1036e2510 (13 bytes)
1769252944.984274 sending message 112 to peer 0x1036e2510 (13 bytes)
1769252944.984281 sending message 112 to peer 0x1036e2510 (13 bytes)
1769252944.984287 sending message 112 to peer 0x1036e2510 (8 bytes)
1769252944.984294 sending message 112 to peer 0x1036e2510 (13 bytes)
1769252944.984301 sending message 112 to peer 0x1036e2510 (13 bytes)
1769252944.984307 sending message 112 to peer 0x1036e2510 (13 bytes)
1769252944.984315 sending message 112 to peer 0x1036e2510 (13 bytes)
1769252944.984327 sending message 112 to peer 0x1036e2510 (13 bytes)
1769252944.984344 sending message 112 to peer 0x1036e2510 (12 bytes)
1769252944.984351 sending message 112 to peer 0x1036e2510 (12 bytes)
1769252944.984359 sending message 112 to peer 0x1036e2510 (12 bytes)
1769252944.984367 sending message 112 to peer 0x1036e2510 (12 bytes)
1769252944.984380 sending message 112 to peer 0x1036e2510 (13 bytes)
1769252944.984394 sending message 112 to peer 0x1036e2510 (8 bytes)
1769252944.984403 sending message 112 to peer 0x1036e2510 (13 bytes)
1769252944.984411 sending message 112 to peer 0x1036e2510 (13 bytes)
1769252944.984420 sending message 112 to peer 0x1036e2510 (13 bytes)
1769252944.984428 sending message 112 to peer 0x1036e2510 (13 bytes)
1769252944.984436 sending message 112 to peer 0x1036e2510 (13 bytes)
1769252944.984443 sending message 112 to peer 0x1036e2510 (13 bytes)
1769252944.984451 sending message 112 to peer 0x1036e2510 (13 bytes)
1769252944.984459 sending message 112 to peer 0x1036e2510 (12 bytes)
1769252944.984466 sending message 112 to peer 0x1036e2510 (12 bytes)
1769252944.984474 sending message 112 to peer 0x1036e2510 (12 bytes)
1769252944.984482 sending message 112 to peer 0x1036e2510 (8 bytes)
1769252944.984490 sending message 112 to peer 0x1036e2510 (12 bytes)
1769252944.984497 sending message 112 to peer 0x1036e2510 (13 bytes)
1769252944.984505 sending message 112 to peer 0x1036e2510 (13 bytes)
1769252944.984513 sending message 112 to peer 0x1036e2510 (13 bytes)
1769252944.984524 sending message 112 to peer 0x1036e2510 (13 bytes)
1769252944.984552 sending message 112 to peer 0x1036e2510 (13 bytes)
1769252944.984560 sending message 112 to peer 0x1036e2510 (13 bytes)
1769252944.984567 sending message 112 to peer 0x1036e2510 (13 bytes)
1769252944.984575 sending message 112 to peer 0x1036e2510 (13 bytes)
1769252944.984583 sending message 112 to peer 0x1036e2510 (12 bytes)
1769252944.984592 sending message 112 to peer 0x1036e2510 (10 bytes)
1769252944.984599 sending message 112 to peer 0x1036e2510 (12 bytes)
1769252944.984607 sending message 112 to peer 0x1036e2510 (12 bytes)
1769252944.984614 sending message 112 to peer 0x1036e2510 (12 bytes)
1769252944.984621 sending message 112 to peer 0x1036e2510 (13 bytes)
1769252944.984628 sending message 112 to peer 0x1036e2510 (13 bytes)
1769252944.984635 sending message 112 to peer 0x1036e2510 (13 bytes)
1769252944.984641 sending message 112 to peer 0x1036e2510 (13 bytes)
1769252944.984647 sending message 112 to peer 0x1036e2510 (13 bytes)
1769252944.984654 sending message 112 to peer 0x1036e2510 (13 bytes)
1769252944.984660 sending message 112 to peer 0x1036e2510 (13 bytes)
1769252944.984667 sending message 112 to peer 0x1036e2510 (10 bytes)
1769252944.984673 sending message 112 to peer 0x1036e2510 (13 bytes)
1769252944.984679 sending message 112 to peer 0x1036e2510 (12 bytes)
1769252944.984686 sending message 112 to peer 0x1036e2510 (12 bytes)
1769252944.984767 sending message 112 to peer 0x1036e2510 (12 bytes)
1769252944.984788 sending message 112 to peer 0x1036e2510 (10 bytes)
1769252944.984801 sending message 112 to peer 0x1036e2510 (10 bytes)
1769252944.984813 sending message 112 to peer 0x1036e2510 (10 bytes)
1769252944.984823 sending message 112 to peer 0x1036e2510 (12 bytes)
1769252944.984836 sending message 112 to peer 0x1036e2510 (13 bytes)
1769252944.984846 sending message 112 to peer 0x1036e2510 (13 bytes)
1769252944.984857 sending message 112 to peer 0x1036e2510 (13 bytes)
1769252944.984868 sending message 112 to peer 0x1036e2510 (13 bytes)
1769252944.984879 sending message 112 to peer 0x1036e2510 (13 bytes)
1769252944.984890 sending message 112 to peer 0x1036e2510 (11 bytes)
1769252944.984900 sending message 112 to peer 0x1036e2510 (11 bytes)
1769252944.984914 sending message 112 to peer 0x1036e2510 (12 bytes)
1769252944.984927 sending message 112 to peer 0x1036e2510 (12 bytes)
1769252944.984940 sending message 112 to peer 0x1036e2510 (12 bytes)
1769252944.984952 sending message 112 to peer 0x1036e2510 (12 bytes)
1769252944.984967 sending message 112 to peer 0x1036e2510 (12 bytes)
1769252944.984981 sending message 112 to peer 0x1036e2510 (11 bytes)
1769252944.984991 sending message 112 to peer 0x1036e2510 (12 bytes)
1769252944.985001 sending message 112 to peer 0x1036e2510 (12 bytes)
1769252944.985011 sending message 112 to peer 0x1036e2510 (13 bytes)
1769252944.985022 sending message 112 to peer 0x1036e2510 (13 bytes)
1769252944.985035 sending message 112 to peer 0x1036e2510 (13 bytes)
1769252944.985044 sending message 112 to peer 0x1036e2510 (13 bytes)
1769252944.985050 sending message 112 to peer 0x1036e2510 (13 bytes)
1769252944.985056 sending message 112 to peer 0x1036e2510 (10 bytes)
1769252944.985062 sending message 112 to peer 0x1036e2510 (9 bytes)
1769252944.985068 sending message 112 to peer 0x1036e2510 (12 bytes)
1769252944.985073 sending message 112 to peer 0x1036e2510 (13 bytes)
1769252944.985079 sending message 112 to peer 0x1036e2510 (13 bytes)
1769252944.985084 sending message 112 to peer 0x1036e2510 (13 bytes)
1769252944.985090 sending message 112 to peer 0x1036e2510 (13 bytes)
1769252944.985098 sending message 112 to peer 0x1036e2510 (13 bytes)
1769252944.985107 sending message 112 to peer 0x1036e2510 (9 bytes)
1769252944.985115 sending message 112 to peer 0x1036e2510 (12 bytes)
1769252944.985123 sending message 112 to peer 0x1036e2510 (13 bytes)
1769252944.985131 sending message 112 to peer 0x1036e2510 (13 bytes)
1769252944.985139 sending message 112 to peer 0x1036e2510 (13 bytes)
1769252944.985147 sending message 112 to peer 0x1036e2510 (13 bytes)
1769252944.985183 sending message 112 to peer 0x1036e2510 (13 bytes)
1769252944.985189 sending message 112 to peer 0x1036e2510 (11 bytes)
1769252944.985195 sending message 112 to peer 0x1036e2510 (12 bytes)
1769252944.985201 sending message 112 to peer 0x1036e2510 (13 bytes)
1769252944.985206 sending message 112 to peer 0x1036e2510 (13 bytes)
1769252944.985212 sending message 112 to peer 0x1036e2510 (13 bytes)
1769252944.985218 sending message 112 to peer 0x1036e2510 (13 bytes)
1769252944.985223 sending message 112 to peer 0x1036e2510 (13 bytes)
1769252944.985229 sending message 112 to peer 0x1036e2510 (11 bytes)
1769252944.985234 sending message 112 to peer 0x1036e2510 (12 bytes)
1769252944.985240 sending message 112 to peer 0x1036e2510 (12 bytes)
1769252944.985248 sending message 112 to peer 0x1036e2510 (12 bytes)
1769252944.985259 sending message 112 to peer 0x1036e2510 (12 bytes)
1769252944.985268 sending message 112 to peer 0x1036e2510 (12 bytes)
1769252944.985278 sending message 112 to peer 0x1036e2510 (21 bytes)
1769252944.985289 sending message 112 to peer 0x1036e2510 (12 bytes)
1769252944.985300 sending message 112 to peer 0x1036e2510 (9 bytes)
1769252944.985310 sending message 112 to peer 0x1036e2510 (6 bytes)
1769252944.985321 sending message 112 to peer 0x1036e2510 (13 bytes)
1769252944.985331 sending message 112 to peer 0x1036e2510 (8 bytes)
1769252944.985344 sending message 112 to peer 0x1036e2510 (15 bytes)
1769252944.985360 sending message 112 to peer 0x1036e2510 (13 bytes)
1769252944.985373 sending message 112 to peer 0x1036e2510 (9 bytes)
1769252944.985386 sending message 112 to peer 0x1036e2510 (70 bytes)
1769252944.985398 sending message 112 to peer 0x1036e2510 (69 bytes)
1769252944.985409 sending message 112 to peer 0x1036e2510 (10 bytes)
1769252944.985421 sending message 112 to peer 0x1036e2510 (10 bytes)
1769252944.985436 sending message 112 to peer 0x1036e2510 (8 bytes)
1769252944.985447 sending message 112 to peer 0x1036e2510 (15 bytes)
1769252944.985457 sending message 112 to peer 0x1036e2510 (13 bytes)
1769252944.985468 sending message 112 to peer 0x1036e2510 (10 bytes)
1769252944.985481 sending message 112 to peer 0x1036e2510 (10 bytes)
1769252944.985496 sending message 112 to peer 0x1036e2510 (17 bytes)
1769252944.985507 sending message 112 to peer 0x1036e2510 (10 bytes)
1769252944.985519 sending message 112 to peer 0x1036e2510 (13 bytes)
1769252944.985534 sending message 112 to peer 0x1036e2510 (9 bytes)
1769252944.985548 sending message 112 to peer 0x1036e2510 (5 bytes)
1769252944.985559 sending message 112 to peer 0x1036e2510 (15 bytes)
1769252944.985573 sending message 104 to peer 0x1036e2510 (0 bytes)
1769252944.985582 sending message 110 to peer 0x1036e2510 (0 bytes)
1769252944.985588 sending message 107 to peer 0x1036e2510 (4 bytes)
1769252944.985593 sending message 105 to peer 0x1036e2510 (50 bytes)
1769252944.985599 sending message 105 to peer 0x1036e2510 (53 bytes)
1769252944.985605 sending message 105 to peer 0x1036e2510 (57 bytes)
1769252944.985618 sending message 105 to peer 0x1036e2510 (20 bytes)
1769252944.985644 sending message 105 to peer 0x1036e2510 (22 bytes)
1769252944.985660 sending message 105 to peer 0x1036e2510 (45 bytes)
1769252944.985671 sending message 105 to peer 0x1036e2510 (12 bytes)
1769252944.985681 sending message 105 to peer 0x1036e2510 (55 bytes)
1769252944.985694 sending message 105 to peer 0x1036e2510 (57 bytes)
1769252944.985709 sending message 105 to peer 0x1036e2510 (75 bytes)
1769252944.985724 sending message 105 to peer 0x1036e2510 (41 bytes)
1769252944.985739 sending message 105 to peer 0x1036e2510 (25 bytes)
1769252944.985755 sending message 105 to peer 0x1036e2510 (37 bytes)
1769252944.985771 sending message 105 to peer 0x1036e2510 (30 bytes)
1769252944.985781 sending message 105 to peer 0x1036e2510 (34 bytes)
1769252944.985793 sending message 105 to peer 0x1036e2510 (60 bytes)
1769252944.985805 sending message 105 to peer 0x1036e2510 (17 bytes)
1769252944.985814 sending message 105 to peer 0x1036e2510 (21 bytes)
1769252944.985852 sending message 105 to peer 0x1036e2510 (54 bytes)
1769252944.985869 sending message 105 to peer 0x1036e2510 (222 bytes)
1769252944.985880 sending message 105 to peer 0x1036e2510 (60 bytes)
1769252944.985889 sending message 105 to peer 0x1036e2510 (16 bytes)
1769252944.985900 sending message 105 to peer 0x1036e2510 (33 bytes)
1769252944.985914 sending message 105 to peer 0x1036e2510 (69 bytes)
1769252944.985928 sending message 105 to peer 0x1036e2510 (36 bytes)
1769252944.985935 sending message 105 to peer 0x1036e2510 (18 bytes)
1769252944.985944 sending message 105 to peer 0x1036e2510 (1631 bytes)
1769252944.985960 sending message 105 to peer 0x1036e2510 (40 bytes)
1769252944.985971 sending message 105 to peer 0x1036e2510 (33 bytes)
1769252944.985982 sending message 105 to peer 0x1036e2510 (24 bytes)
1769252944.985997 sending message 105 to peer 0x1036e2510 (15 bytes)
1769252944.986013 sending message 105 to peer 0x1036e2510 (8 bytes)
1769252944.986027 sending message 105 to peer 0x1036e2510 (66 bytes)
1769252944.986040 sending message 105 to peer 0x1036e2510 (38 bytes)
1769252944.986055 sending message 105 to peer 0x1036e2510 (19 bytes)
1769252944.986068 sending message 105 to peer 0x1036e2510 (19 bytes)
1769252944.986077 sending message 105 to peer 0x1036e2510 (63 bytes)
1769252944.986089 sending message 105 to peer 0x1036e2510 (18 bytes)
1769252944.986098 sending message 105 to peer 0x1036e2510 (26 bytes)
1769252944.986107 sending message 105 to peer 0x1036e2510 (57 bytes)
1769252944.986116 sending message 105 to peer 0x1036e2510 (43 bytes)
1769252944.986122 sending message 105 to peer 0x1036e2510 (13 bytes)
1769252944.986129 sending message 105 to peer 0x1036e2510 (60 bytes)
1769252944.986136 sending message 105 to peer 0x1036e2510 (18 bytes)
1769252944.986144 sending message 105 to peer 0x1036e2510 (12 bytes)
1769252944.986149 sending message 105 to peer 0x1036e2510 (44 bytes)
1769252944.986157 sending message 105 to peer 0x1036e2510 (98 bytes)
1769252944.986165 sending message 105 to peer 0x1036e2510 (14 bytes)
1769252944.986174 sending message 105 to peer 0x1036e2510 (19 bytes)
1769252944.986181 sending message 105 to peer 0x1036e2510 (43 bytes)
1769252944.986189 sending message 105 to peer 0x1036e2510 (32 bytes)
1769252944.986197 sending message 105 to peer 0x1036e2510 (17 bytes)
1769252944.986204 sending message 105 to peer 0x1036e2510 (25 bytes)
1769252944.986211 sending message 106 to peer 0x1036e2510 (0 bytes)
1769252944.986298 sending message 200 to peer 0x1036e2510 (4 bytes)
1769252944.986310 client loop enter
1769252944.986524 peer 0x1036e2510 message 303
1769252944.986544 open write file 2 -
1769252944.986563 sending message 305 to peer 0x1036e2510 (8 bytes)
1769252944.986582 write check file 2
1769252944.986620 peer 0x1036e2510 message 304
1769252944.986631 write 58 to file 2
1769252944.986641 peer 0x1036e2510 message 203
1769252944.986651 file 2 58 bytes left
1769252944.986673 write check file 2
1769252944.986682 client loop exit
